2017-06-05 17:57:39,362 - root - INFO - --------------------------------------------------------------------
2017-06-05 17:57:39,363 - root - INFO - Processing  started with the given input file---->'cloud.xlsx'
2017-06-05 17:57:39,363 - root - INFO - List of input sheets - [u'DOC HISTORY', u'S&P - AM3-030701', u'AM3-Rack Elevation', u'AM3-Structured Cable Mapping', u'C4R101-104 - NW Core', u'c5r107-108 Agg for Dedicated', u'c5r207-Compute (Guest1) -Zone1', u'c5r208-ZFS - Zone1 ', u'c5r209-Compute (Guest1) - Zone2', u'c5r210-ZFS - Zone2 ', u'C5R305 -Compute (Guest1) -Zone4', u'c5r306-ZFS - Zone4 ', u'C5R307 -Compute (Guest2) -Zone4', u'c5r308-ZFS - Zone4 ', u'C5R309 -Compute (Admin) - Z3-4', u'c5r310-ZFS - Zone3 ', u'C5R311 -Compute (Guest1) -Zone3', u'C5R312 -Compute (Admin) - Z1-2', u'c5r501 -502  BDCS AGG', u'c5r503 BDCS ZFS', u'c5r504 BDA', u'c5r505 BDA', u'c5r506 BDA', u'c5r507 BDA', u'c5r508 BDA', u'C5R509 BDA Exdata', u'c5r411 PaaS Agg', u'c5r510 IaaS Compute', u'c5r511 IaaS Compute', u'c5r601 PaaS Compute', u'c5r602 PaaS ZFS', u'c5r603 PaaS ZFS', u'c5r604 PaaS Compute', u'c5r605 PaaS ZFS', u'c5r606 PaaS ZFS', u'c5r607 PaaS Compute', u'c5r608 PaaS ZFS', u'c5r609 PaaS ZFS', u'c5r610 PaaS ZFS', u'c5r611 PaaS ZFS']
2017-06-05 17:57:39,364 - root - INFO - Number of sheets found in the file:40
2017-06-05 17:57:39,365 - root - INFO - Processing BDA sheet - c5r504 BDA
2017-06-05 17:57:39,370 - root - INFO - Processing BDA sheet - c5r505 BDA
2017-06-05 17:57:39,375 - root - INFO - Processing BDA sheet - c5r506 BDA
2017-06-05 17:57:39,380 - root - INFO - Processing BDA sheet - c5r507 BDA
2017-06-05 17:57:39,385 - root - INFO - Processing BDA sheet - c5r508 BDA
2017-06-05 17:57:39,389 - root - INFO - Processing exdata sheet - C5R509 BDA Exdata
2017-06-05 17:57:39,397 - root - INFO - Generating output xlsx ...
2017-06-05 17:57:39,438 - root - INFO - 05-06-2017_Firewall_templete.xlsx sheet Generated Successfully...
2017-06-05 17:57:39,438 - root - INFO - --------------------------------------------------------------------
2017-06-05 18:36:36,221 - root - INFO - --------------------------------------------------------------------
2017-06-05 18:36:36,221 - root - INFO - Processing  started with the given input file---->'cloud.xlsx'
2017-06-05 18:36:36,221 - root - INFO - List of input sheets - [u'DOC HISTORY', u'S&P - AM3-030701', u'AM3-Rack Elevation', u'AM3-Structured Cable Mapping', u'C4R101-104 - NW Core', u'c5r107-108 Agg for Dedicated', u'c5r207-Compute (Guest1) -Zone1', u'c5r208-ZFS - Zone1 ', u'c5r209-Compute (Guest1) - Zone2', u'c5r210-ZFS - Zone2 ', u'C5R305 -Compute (Guest1) -Zone4', u'c5r306-ZFS - Zone4 ', u'C5R307 -Compute (Guest2) -Zone4', u'c5r308-ZFS - Zone4 ', u'C5R309 -Compute (Admin) - Z3-4', u'c5r310-ZFS - Zone3 ', u'C5R311 -Compute (Guest1) -Zone3', u'C5R312 -Compute (Admin) - Z1-2', u'c5r501 -502  BDCS AGG', u'c5r503 BDCS ZFS', u'c5r504 BDA', u'c5r505 BDA', u'c5r506 BDA', u'c5r507 BDA', u'c5r508 BDA', u'C5R509 BDA Exdata', u'c5r411 PaaS Agg', u'c5r510 IaaS Compute', u'c5r511 IaaS Compute', u'c5r601 PaaS Compute', u'c5r602 PaaS ZFS', u'c5r603 PaaS ZFS', u'c5r604 PaaS Compute', u'c5r605 PaaS ZFS', u'c5r606 PaaS ZFS', u'c5r607 PaaS Compute', u'c5r608 PaaS ZFS', u'c5r609 PaaS ZFS', u'c5r610 PaaS ZFS', u'c5r611 PaaS ZFS']
2017-06-05 18:36:36,221 - root - INFO - Number of sheets found in the file:40
2017-06-05 18:36:36,222 - root - INFO - Processing BDA sheet - c5r504 BDA
2017-06-05 18:36:36,226 - root - INFO - Processing BDA sheet - c5r505 BDA
2017-06-05 18:36:36,229 - root - INFO - Processing BDA sheet - c5r506 BDA
2017-06-05 18:36:36,234 - root - INFO - Processing BDA sheet - c5r507 BDA
2017-06-05 18:36:36,239 - root - INFO - Processing BDA sheet - c5r508 BDA
2017-06-05 18:36:36,244 - root - INFO - Processing exdata sheet - C5R509 BDA Exdata
2017-06-05 18:36:36,256 - root - INFO - Generating output xlsx ...
2017-06-05 18:36:36,301 - root - INFO - 05-06-2017_Firewall_templete.xlsx sheet Generated Successfully...
2017-06-05 18:36:36,301 - root - INFO - --------------------------------------------------------------------
2017-06-05 18:39:00,858 - root - INFO - --------------------------------------------------------------------
2017-06-05 18:39:00,859 - root - INFO - Processing  started with the given input file---->'cloud.xlsx'
2017-06-05 18:39:00,859 - root - INFO - List of input sheets - [u'DOC HISTORY', u'S&P - AM3-030701', u'AM3-Rack Elevation', u'AM3-Structured Cable Mapping', u'C4R101-104 - NW Core', u'c5r107-108 Agg for Dedicated', u'c5r207-Compute (Guest1) -Zone1', u'c5r208-ZFS - Zone1 ', u'c5r209-Compute (Guest1) - Zone2', u'c5r210-ZFS - Zone2 ', u'C5R305 -Compute (Guest1) -Zone4', u'c5r306-ZFS - Zone4 ', u'C5R307 -Compute (Guest2) -Zone4', u'c5r308-ZFS - Zone4 ', u'C5R309 -Compute (Admin) - Z3-4', u'c5r310-ZFS - Zone3 ', u'C5R311 -Compute (Guest1) -Zone3', u'C5R312 -Compute (Admin) - Z1-2', u'c5r501 -502  BDCS AGG', u'c5r503 BDCS ZFS', u'c5r504 BDA', u'c5r505 BDA', u'c5r506 BDA', u'c5r507 BDA', u'c5r508 BDA', u'C5R509 BDA Exdata', u'c5r411 PaaS Agg', u'c5r510 IaaS Compute', u'c5r511 IaaS Compute', u'c5r601 PaaS Compute', u'c5r602 PaaS ZFS', u'c5r603 PaaS ZFS', u'c5r604 PaaS Compute', u'c5r605 PaaS ZFS', u'c5r606 PaaS ZFS', u'c5r607 PaaS Compute', u'c5r608 PaaS ZFS', u'c5r609 PaaS ZFS', u'c5r610 PaaS ZFS', u'c5r611 PaaS ZFS']
2017-06-05 18:39:00,859 - root - INFO - Number of sheets found in the file:40
2017-06-05 18:39:00,860 - root - INFO - Processing BDA sheet - c5r504 BDA
2017-06-05 18:39:00,865 - root - INFO - Processing BDA sheet - c5r505 BDA
2017-06-05 18:39:00,869 - root - INFO - Processing BDA sheet - c5r506 BDA
2017-06-05 18:39:00,874 - root - INFO - Processing BDA sheet - c5r507 BDA
2017-06-05 18:39:00,878 - root - INFO - Processing BDA sheet - c5r508 BDA
2017-06-05 18:39:00,882 - root - INFO - Processing exdata sheet - C5R509 BDA Exdata
2017-06-05 18:39:00,888 - root - INFO - Generating output xlsx ...
2017-06-05 18:39:00,927 - root - INFO - 05-06-2017_Firewall_templete.xlsx sheet Generated Successfully...
2017-06-05 18:39:00,927 - root - INFO - --------------------------------------------------------------------
2017-06-05 18:39:52,231 - root - INFO - --------------------------------------------------------------------
2017-06-05 18:39:52,231 - root - INFO - Processing  started with the given input file---->'cloud.xlsx'
2017-06-05 18:39:52,231 - root - INFO - List of input sheets - [u'DOC HISTORY', u'S&P - AM3-030701', u'AM3-Rack Elevation', u'AM3-Structured Cable Mapping', u'C4R101-104 - NW Core', u'c5r107-108 Agg for Dedicated', u'c5r207-Compute (Guest1) -Zone1', u'c5r208-ZFS - Zone1 ', u'c5r209-Compute (Guest1) - Zone2', u'c5r210-ZFS - Zone2 ', u'C5R305 -Compute (Guest1) -Zone4', u'c5r306-ZFS - Zone4 ', u'C5R307 -Compute (Guest2) -Zone4', u'c5r308-ZFS - Zone4 ', u'C5R309 -Compute (Admin) - Z3-4', u'c5r310-ZFS - Zone3 ', u'C5R311 -Compute (Guest1) -Zone3', u'C5R312 -Compute (Admin) - Z1-2', u'c5r501 -502  BDCS AGG', u'c5r503 BDCS ZFS', u'c5r504 BDA', u'c5r505 BDA', u'c5r506 BDA', u'c5r507 BDA', u'c5r508 BDA', u'C5R509 BDA Exdata', u'c5r411 PaaS Agg', u'c5r510 IaaS Compute', u'c5r511 IaaS Compute', u'c5r601 PaaS Compute', u'c5r602 PaaS ZFS', u'c5r603 PaaS ZFS', u'c5r604 PaaS Compute', u'c5r605 PaaS ZFS', u'c5r606 PaaS ZFS', u'c5r607 PaaS Compute', u'c5r608 PaaS ZFS', u'c5r609 PaaS ZFS', u'c5r610 PaaS ZFS', u'c5r611 PaaS ZFS']
2017-06-05 18:39:52,232 - root - INFO - Number of sheets found in the file:40
2017-06-05 18:39:52,232 - root - INFO - Processing BDA sheet - c5r504 BDA
2017-06-05 18:39:52,236 - root - INFO - Processing BDA sheet - c5r505 BDA
2017-06-05 18:39:52,240 - root - INFO - Processing BDA sheet - c5r506 BDA
2017-06-05 18:39:52,246 - root - INFO - Processing BDA sheet - c5r507 BDA
2017-06-05 18:39:52,253 - root - INFO - Processing BDA sheet - c5r508 BDA
2017-06-05 18:39:52,257 - root - INFO - Processing exdata sheet - C5R509 BDA Exdata
2017-06-05 18:39:52,267 - root - INFO - Generating output xlsx ...
2017-06-05 18:39:52,317 - root - INFO - 05-06-2017_Firewall_templete.xlsx sheet Generated Successfully...
2017-06-05 18:39:52,318 - root - INFO - --------------------------------------------------------------------
